<?xml version="1.0" encoding="UTF-8"?>
<!-- Generated by org.testng.reporters.JUnitXMLReporter -->
<testsuite hostname="Nahuel-Ruben-PC" name="Default test" tests="8" failures="0" timestamp="2 May 2016 21:02:32 GMT" time="124.15" errors="0">
  <testcase name="Log1" time="7.515" classname="proyectofinal.Clase1"/>
  <testcase name="EnviarMails" time="14.623" classname="proyectofinal.Clase1"/>
  <testcase name="EnviarMails" time="10.167" classname="proyectofinal.Clase1"/>
  <testcase name="EnviarMails" time="10.569" classname="proyectofinal.Clase1"/>
  <testcase name="ComprobarMails" time="33.69" classname="proyectofinal.Clase1"/>
  <testcase name="Deslog" time="0.632" classname="proyectofinal.Clase1"/>
  <testcase name="Log2" time="4.876" classname="proyectofinal.Clase1"/>
  <testcase name="Verificar" time="36.739" classname="proyectofinal.Clase1"/>
</testsuite> <!-- Default test -->
