<?xml version="1.0" encoding="UTF-8"?>
<testng-results skipped="0" failed="0" total="1" passed="1">
  <reporter-output>
  </reporter-output>
  <suite name="Default suite" duration-ms="14985" started-at="2016-04-08T21:43:24Z" finished-at="2016-04-08T21:43:39Z">
    <groups>
    </groups>
    <test name="Default test" duration-ms="14985" started-at="2016-04-08T21:43:24Z" finished-at="2016-04-08T21:43:39Z">
      <class name="paquete.Google">
        <test-method status="PASS" signature="beforeMethod(org.testng.ITestContext)[pri:0, instance:paquete.Google@193948d]" name="beforeMethod" is-config="true" duration-ms="8143" started-at="2016-04-08T18:43:24Z" finished-at="2016-04-08T18:43:32Z">
          <params>
            <param index="0">
              <value>
                <![CDATA[org.testng.TestRunner@1deb7cb]]>
              </value>
            </param>
          </params>
          <reporter-output>
          </reporter-output>
        </test-method> <!-- beforeMethod -->
        <test-method status="PASS" signature="ejercicio3()[pri:0, instance:paquete.Google@193948d]" name="ejercicio3" duration-ms="6636" started-at="2016-04-08T18:43:32Z" description="Ejercicio3" finished-at="2016-04-08T18:43:39Z">
          <reporter-output>
          </reporter-output>
        </test-method> <!-- ejercicio3 -->
        <test-method status="PASS" signature="afterMethod(org.testng.ITestContext)[pri:0, instance:paquete.Google@193948d]" name="afterMethod" is-config="true" duration-ms="175" started-at="2016-04-08T18:43:39Z" finished-at="2016-04-08T18:43:39Z">
          <params>
            <param index="0">
              <value>
                <![CDATA[org.testng.TestRunner@1deb7cb]]>
              </value>
            </param>
          </params>
          <reporter-output>
          </reporter-output>
        </test-method> <!-- afterMethod -->
      </class> <!-- paquete.Google -->
    </test> <!-- Default test -->
  </suite> <!-- Default suite -->
</testng-results>
